<?xml version="1.0" encoding="UTF-8"?>
<!-- Generated by org.testng.reporters.JUnitReportReporter -->
<testsuite hostname="NHD050148" failures="0" tests="1" name="com.Legato.testCases.LoginTest" time="9.519" errors="0" timestamp="15 Jul 2020 04:40:08 GMT" skipped="0">
  <testcase classname="com.Legato.testCases.LoginTest" name="loginTest" time="9.519"/>
</testsuite> <!-- com.Legato.testCases.LoginTest -->
